<?xml version="1.0" encoding="UTF-8"?>
<testng-results ignored="0" total="2" passed="2" failed="0" skipped="0">
  <reporter-output>
  </reporter-output>
  <suite started-at="2025-04-26T20:37:24 IST" name="crossbrowsertesting" finished-at="2025-04-26T20:37:35 IST" duration-ms="11374">
    <groups>
    </groups>
    <test started-at="2025-04-26T20:37:24 IST" name="chrometest" finished-at="2025-04-26T20:37:29 IST" duration-ms="5606">
      <class name="testcases.ManageFooterTest">
        <test-method is-config="true" signature="initializeBrowser(java.lang.String)[pri:0, instance:testcases.ManageFooterTest@3911c2a7]" started-at="2025-04-26T20:37:24 IST" name="initializeBrowser" finished-at="2025-04-26T20:37:26 IST" duration-ms="2032" status="PASS">
          <params>
            <param index="0">
              <value>
                <![CDATA[Chrome]]>
              </value>
            </param>
          </params>
          <reporter-output>
          </reporter-output>
        </test-method> <!-- initializeBrowser -->
        <test-method signature="verifyUpdateFooterText()[pri:0, instance:testcases.ManageFooterTest@3911c2a7]" started-at="2025-04-26T20:37:26 IST" name="verifyUpdateFooterText" finished-at="2025-04-26T20:37:29 IST" duration-ms="3245" status="PASS">
          <reporter-output>
          </reporter-output>
        </test-method> <!-- verifyUpdateFooterText -->
        <test-method is-config="true" signature="driverQuit(org.testng.ITestResult)[pri:0, instance:testcases.ManageFooterTest@3911c2a7]" started-at="2025-04-26T20:37:29 IST" name="driverQuit" finished-at="2025-04-26T20:37:29 IST" duration-ms="289" status="PASS">
          <params>
            <param index="0">
              <value>
                <![CDATA[[TestResult name=verifyUpdateFooterText status=SUCCESS method=ManageFooterTest.verifyUpdateFooterText()[pri:0, instance:testcases.ManageFooterTest@3911c2a7] output={null}]]]>
              </value>
            </param>
          </params>
          <reporter-output>
          </reporter-output>
        </test-method> <!-- driverQuit -->
      </class> <!-- testcases.ManageFooterTest -->
    </test> <!-- chrometest -->
    <test started-at="2025-04-26T20:37:29 IST" name="edgetest" finished-at="2025-04-26T20:37:35 IST" duration-ms="5717">
      <class name="testcases.ManageFooterTest">
        <test-method is-config="true" signature="initializeBrowser(java.lang.String)[pri:0, instance:testcases.ManageFooterTest@2a798d51]" started-at="2025-04-26T20:37:29 IST" name="initializeBrowser" finished-at="2025-04-26T20:37:31 IST" duration-ms="2003" status="PASS">
          <params>
            <param index="0">
              <value>
                <![CDATA[Edge]]>
              </value>
            </param>
          </params>
          <reporter-output>
          </reporter-output>
        </test-method> <!-- initializeBrowser -->
        <test-method signature="verifyUpdateFooterText()[pri:0, instance:testcases.ManageFooterTest@2a798d51]" started-at="2025-04-26T20:37:31 IST" name="verifyUpdateFooterText" finished-at="2025-04-26T20:37:34 IST" duration-ms="2281" status="PASS">
          <reporter-output>
          </reporter-output>
        </test-method> <!-- verifyUpdateFooterText -->
        <test-method is-config="true" signature="driverQuit(org.testng.ITestResult)[pri:0, instance:testcases.ManageFooterTest@2a798d51]" started-at="2025-04-26T20:37:34 IST" name="driverQuit" finished-at="2025-04-26T20:37:35 IST" duration-ms="1429" status="PASS">
          <params>
            <param index="0">
              <value>
                <![CDATA[[TestResult name=verifyUpdateFooterText status=SUCCESS method=ManageFooterTest.verifyUpdateFooterText()[pri:0, instance:testcases.ManageFooterTest@2a798d51] output={null}]]]>
              </value>
            </param>
          </params>
          <reporter-output>
          </reporter-output>
        </test-method> <!-- driverQuit -->
      </class> <!-- testcases.ManageFooterTest -->
    </test> <!-- edgetest -->
  </suite> <!-- crossbrowsertesting -->
</testng-results>
