<?xml version="1.0" encoding="UTF-8"?>
<!-- Generated by org.testng.reporters.JUnitXMLReporter -->
<testsuite ignored="1" hostname="DESKTOP-BL1JDH0" failures="0" tests="1" name="myTest" time="6.566" errors="0" timestamp="2025-04-23T07:55:19 IST">
  <testcase classname="testcases.ManageNewsTest" name="verifyAddNewNews" time="1.881"/>
  <testcase classname="testcases.ManageNewsTest" name="verifyDeleteNews" time="0.0">
    <ignored/>
  </testcase> <!-- verifyDeleteNews -->
</testsuite> <!-- myTest -->
