<?xml version="1.0" encoding="UTF-8"?>
<testng-results ignored="0" total="2" passed="2" failed="0" skipped="0">
  <reporter-output>
  </reporter-output>
  <suite started-at="2025-04-26T20:42:23 IST" name="parallelTesting" finished-at="2025-04-26T20:42:34 IST" duration-ms="10489">
    <groups>
    </groups>
    <test started-at="2025-04-26T20:42:24 IST" name="test2" finished-at="2025-04-26T20:42:29 IST" duration-ms="5511">
      <class name="testcases.ManageContactTest">
        <test-method is-config="true" signature="initializeBrowser(java.lang.String)[pri:0, instance:testcases.ManageContactTest@2cd76f31]" started-at="2025-04-26T20:42:24 IST" name="initializeBrowser" finished-at="2025-04-26T20:42:26 IST" duration-ms="2457" status="PASS">
          <params>
            <param index="0">
              <value>
                <![CDATA[Chrome]]>
              </value>
            </param>
          </params>
          <reporter-output>
          </reporter-output>
        </test-method> <!-- initializeBrowser -->
        <test-method signature="verifyUpdateContactInformation()[pri:0, instance:testcases.ManageContactTest@2cd76f31]" started-at="2025-04-26T20:42:26 IST" name="verifyUpdateContactInformation" finished-at="2025-04-26T20:42:29 IST" duration-ms="2812" status="PASS">
          <reporter-output>
          </reporter-output>
        </test-method> <!-- verifyUpdateContactInformation -->
        <test-method is-config="true" signature="driverQuit(org.testng.ITestResult)[pri:0, instance:testcases.ManageContactTest@2cd76f31]" started-at="2025-04-26T20:42:29 IST" name="driverQuit" finished-at="2025-04-26T20:42:29 IST" duration-ms="232" status="PASS">
          <params>
            <param index="0">
              <value>
                <![CDATA[[TestResult name=verifyUpdateContactInformation status=SUCCESS method=ManageContactTest.verifyUpdateContactInformation()[pri:0, instance:testcases.ManageContactTest@2cd76f31] output={null}]]]>
              </value>
            </param>
          </params>
          <reporter-output>
          </reporter-output>
        </test-method> <!-- driverQuit -->
      </class> <!-- testcases.ManageContactTest -->
    </test> <!-- test2 -->
    <test started-at="2025-04-26T20:42:23 IST" name="test1" finished-at="2025-04-26T20:42:34 IST" duration-ms="10489">
      <class name="testcases.ManageContactTest">
        <test-method is-config="true" signature="initializeBrowser(java.lang.String)[pri:0, instance:testcases.ManageContactTest@692f203f]" started-at="2025-04-26T20:42:24 IST" name="initializeBrowser" finished-at="2025-04-26T20:42:32 IST" duration-ms="8111" status="PASS">
          <params>
            <param index="0">
              <value>
                <![CDATA[Chrome]]>
              </value>
            </param>
          </params>
          <reporter-output>
          </reporter-output>
        </test-method> <!-- initializeBrowser -->
        <test-method signature="verifyUpdateContactInformation()[pri:0, instance:testcases.ManageContactTest@692f203f]" started-at="2025-04-26T20:42:32 IST" name="verifyUpdateContactInformation" finished-at="2025-04-26T20:42:34 IST" duration-ms="2071" status="PASS">
          <reporter-output>
          </reporter-output>
        </test-method> <!-- verifyUpdateContactInformation -->
        <test-method is-config="true" signature="driverQuit(org.testng.ITestResult)[pri:0, instance:testcases.ManageContactTest@692f203f]" started-at="2025-04-26T20:42:34 IST" name="driverQuit" finished-at="2025-04-26T20:42:34 IST" duration-ms="283" status="PASS">
          <params>
            <param index="0">
              <value>
                <![CDATA[[TestResult name=verifyUpdateContactInformation status=SUCCESS method=ManageContactTest.verifyUpdateContactInformation()[pri:0, instance:testcases.ManageContactTest@692f203f] output={null}]]]>
              </value>
            </param>
          </params>
          <reporter-output>
          </reporter-output>
        </test-method> <!-- driverQuit -->
      </class> <!-- testcases.ManageContactTest -->
    </test> <!-- test1 -->
  </suite> <!-- parallelTesting -->
</testng-results>
