<?xml version="1.0" encoding="UTF-8"?>
<!-- Generated by org.testng.reporters.JUnitXMLReporter -->
<testsuite ignored="0" hostname="DESKTOP-BL1JDH0" failures="0" tests="15" name="myTest" time="46.07" errors="0" timestamp="2025-04-26T20:34:15 IST">
  <testcase classname="testcases.Login_Test" name="invalidCredentials" time="0.389"/>
  <testcase classname="testcases.Login_Test" name="invalidCredentials" time="0.49"/>
  <testcase classname="testcases.Login_Test" name="invalidCredentials" time="0.511"/>
  <testcase classname="testcases.Login_Test" name="loginUsingInValidUsernameAndValidPassword" time="0.465"/>
  <testcase classname="testcases.Login_Test" name="loginUsingValidCredentials" time="1.053"/>
  <testcase classname="testcases.Login_Test" name="loginUsingValidUsernameAndInvalidPassword" time="0.441"/>
  <testcase classname="testcases.CategoryTest" name="verifyAddNewCategoryWithValidDetails" time="1.731"/>
  <testcase classname="testcases.SubCategoryTest" name="verifyAddNewSubcategoryWithValidDetails" time="2.131"/>
  <testcase classname="testcases.SubCategoryTest" name="verifySearchNonExistingItem" time="1.648"/>
  <testcase classname="testcases.AdminUsersTest" name="verifyAddNewAdminUsers" time="2.072"/>
  <testcase classname="testcases.AdminUsersTest" name="verifyDeleteAdminUsers" time="1.469"/>
  <testcase classname="testcases.ManageContactTest" name="verifyUpdateContactInformation" time="2.207"/>
  <testcase classname="testcases.ManageFooterTest" name="verifyUpdateFooterText" time="1.886"/>
  <testcase classname="testcases.ManageNewsTest" name="verifyAddNewNews" time="1.517"/>
  <testcase classname="testcases.ManageNewsTest" name="verifyDeleteNews" time="1.255"/>
</testsuite> <!-- myTest -->
